OpenROAD 0.9.0 d03ebfc244
This program is licensed under the BSD-3 license. See the LICENSE file for details. 
Components of this program may be licensed under more restrictive licenses which must be honored.
Error: cannot open '/.openroad'.
Notice 0: Reading LEF file:  /project/openlane/morphle_ycell/runs/morphle_ycell/tmp/merged_unpadded.lef
Notice 0:     Created 13 technology layers
Notice 0:     Created 25 technology vias
Notice 0:     Created 437 library cells
Notice 0: Finished LEF file:  /project/openlane/morphle_ycell/runs/morphle_ycell/tmp/merged_unpadded.lef
Notice 0: 
Reading DEF file: /project/openlane/morphle_ycell/runs/morphle_ycell/results/routing/ycell.def
Notice 0: Design: ycell
Notice 0:     Created 32 pins.
Notice 0:     Created 360 components and 1719 component-terminals.
Notice 0:     Created 2 special nets and 0 connections.
Notice 0:     Created 125 nets and 341 connections.
Notice 0: Finished DEF file: /project/openlane/morphle_ycell/runs/morphle_ycell/results/routing/ycell.def
Notice 0: Split top of 26 T shapes.
Number of pins violated: 0
Number of nets violated: 0
Total number of nets: 125
