
Magic 8.3 revision 87 - Compiled on Mon Nov 23 17:53:03 UTC 2020.
Starting magic under Tcl interpreter
Using the terminal as the console.
Using NULL graphics device.
Processing system .magicrc file
Sourcing design .magicrc for technology sky130A ...
2 Magic internal units = 1 Lambda
Input style sky130: scaleFactor=2, multiplier=2
Scaled tech values by 2 / 1 to match internal grid scaling
Loading sky130A Device Generator Menu ...
Loading "/openLANE_flow/scripts/magic_mag.tcl" from command line.
Box tool must be present
[INFO]: Saving .mag view With BBox Values: 
Warning: Calma reading is not undoable!  I hope that's OK.
Library written using GDS-II Release 3.0
Library name: ycell
Reading "sky130_fd_sc_hd__decap_12".
Reading "sky130_fd_sc_hd__decap_3".
Reading "sky130_fd_sc_hd__decap_4".
Reading "sky130_fd_sc_hd__tapvpwrvgnd_1".
Reading "sky130_fd_sc_hd__fill_2".
Reading "sky130_fd_sc_hd__decap_8".
Reading "sky130_fd_sc_hd__decap_6".
Reading "sky130_fd_sc_hd__fill_1".
Reading "sky130_fd_sc_hd__buf_2".
Reading "sky130_fd_sc_hd__or2_2".
Reading "sky130_fd_sc_hd__o22a_4".
Reading "sky130_fd_sc_hd__nand2_2".
Reading "sky130_fd_sc_hd__inv_8".
Reading "sky130_fd_sc_hd__buf_1".
Reading "sky130_fd_sc_hd__nor2_2".
Reading "sky130_fd_sc_hd__and2_2".
Reading "sky130_fd_sc_hd__nor2_4".
Reading "sky130_fd_sc_hd__or3_2".
Reading "sky130_fd_sc_hd__nor3_2".
Reading "sky130_fd_sc_hd__or3_4".
Reading "sky130_fd_sc_hd__and3_2".
Reading "sky130_fd_sc_hd__buf_6".
Reading "sky130_fd_sc_hd__a32o_4".
Reading "sky130_fd_sc_hd__or2_4".
Reading "sky130_fd_sc_hd__o21a_4".
Reading "sky130_fd_sc_hd__a211o_4".
Reading "sky130_fd_sc_hd__and3_4".
Reading "sky130_fd_sc_hd__dfxtp_4".
Reading "sky130_fd_sc_hd__nor4_2".
Reading "sky130_fd_sc_hd__nand3_2".
Reading "ycell".
    100 uses
    200 uses
    300 uses
    400 uses
[INFO]: MAGIC TAPEOUT STEP DONE
