OpenROAD 0.9.0 d03ebfc244
This program is licensed under the BSD-3 license. See the LICENSE file for details. 
Components of this program may be licensed under more restrictive licenses which must be honored.
Error: cannot open '/.openroad'.
Notice 0: Reading LEF file:  /project/openlane/morphle_yblock/runs/morphle_yblock/tmp/merged_unpadded.lef
Notice 0:     Created 13 technology layers
Notice 0:     Created 25 technology vias
Notice 0:     Created 438 library cells
Notice 0: Finished LEF file:  /project/openlane/morphle_yblock/runs/morphle_yblock/tmp/merged_unpadded.lef
Notice 0: 
Reading DEF file: /project/openlane/morphle_yblock/runs/morphle_yblock/results/floorplan/yblock.floorplan.def
Notice 0: Design: yblock
Notice 0:     Created 210 pins.
Notice 0:     Created 3236 components and 9300 component-terminals.
Notice 0:     Created 810 nets and 1680 connections.
Notice 0: Finished DEF file: /project/openlane/morphle_yblock/runs/morphle_yblock/results/floorplan/yblock.floorplan.def
[INFO] DBU = 1000
[INFO] SiteSize = (460, 2720)
[INFO] CoreAreaLxLy = (5520, 10880)
[INFO] CoreAreaUxUy = (755780, 758880)
[INFO] NumInstances = 4021
[INFO] NumPlaceInstances = 16
[INFO] NumFixedInstances = 3220
[INFO] NumDummyInstances = 785
[INFO] NumNets = 810
[INFO] NumPins = 1890
[INFO] DieAreaLxLy = (0, 0)
[INFO] DieAreaUxUy = (761460, 772180)
[INFO] CoreAreaLxLy = (5520, 10880)
[INFO] CoreAreaUxUy = (755780, 758880)
[INFO] CoreArea = 561194480000
[INFO] NonPlaceInstsArea = 364942957200
[INFO] PlaceInstsArea = 60057600
[INFO] Util(%) = 0.030602
[INFO] StdInstsArea = 60057600
[INFO] MacroInstsArea = 0
[InitialPlace]  Iter: 1 CG Error: 3.00917e-08 HPWL: 387965273
[InitialPlace]  Iter: 2 CG Error: 0 HPWL: 387714430
[InitialPlace]  Iter: 3 CG Error: 0 HPWL: 387714430
[InitialPlace]  Iter: 4 CG Error: 0 HPWL: 387714430
[InitialPlace]  Iter: 5 CG Error: 0 HPWL: 387714430
[INFO] FillerInit: NumGCells = 33984
[INFO] FillerInit: NumGNets = 810
[INFO] FillerInit: NumGPins = 1890
[INFO] TargetDensity = 0.650000
[INFO] AveragePlaceInstArea = 3753600
[INFO] IdealBinArea = 5774770
[INFO] IdealBinCnt = 97180
[INFO] TotalBinArea = 561194480000
[INFO] BinCnt = (64, 64)
[INFO] BinSize = (11723, 11688)
[INFO] NumBins = 4096
[ERROR] RePlAce diverged at initial iteration.
        Please tune the parameters again (REPL-5)
Error: RePlAce terminated with errors.
