OpenROAD 0.9.0 d03ebfc244
This program is licensed under the BSD-3 license. See the LICENSE file for details. 
Components of this program may be licensed under more restrictive licenses which must be honored.
Error: cannot open '/.openroad'.
Notice 0: Reading LEF file:  /project/openlane/morphle_yblock/runs/morphle_yblock/tmp/merged_unpadded.lef
Notice 0:     Created 13 technology layers
Notice 0:     Created 25 technology vias
Notice 0:     Created 438 library cells
Notice 0: Finished LEF file:  /project/openlane/morphle_yblock/runs/morphle_yblock/tmp/merged_unpadded.lef
Notice 0: 
Reading DEF file: /project/openlane/morphle_yblock/runs/morphle_yblock/tmp/placement/replace.def.macro_placement.def
Notice 0: Design: yblock
Notice 0:     Created 210 pins.
Notice 0:     Created 80 components and 1888 component-terminals.
Notice 0:     Created 810 nets and 1680 connections.
Notice 0: Finished DEF file: /project/openlane/morphle_yblock/runs/morphle_yblock/tmp/placement/replace.def.macro_placement.def
Running tapcell...
Step 1: Cut rows...
[INFO] Macro blocks found: 64
[INFO] #Original rows: 275
[INFO] #Cut rows: 1883
Step 2: Insert endcaps...
[INFO] #Endcaps inserted: 550
Step 3: Insert tapcells...
[INFO] #Tapcells inserted: 2606
Running tapcell... Done!
